<?xml version="1.0" encoding="UTF-8"?>
<!-- Generated by org.testng.reporters.JUnitXMLReporter -->
<testsuite hostname="2030007706" failures="1" tests="4" name="SHealth_Sanity_Must" time="0.043" errors="0" timestamp="4 Feb 2019 18:14:51 GMT">
  <testcase classname="com.rohini.automation.DemoGroups" name="testCase_1" time="0.004"/>
  <testcase classname="com.rohini.automation.DemoGroups" name="testCase_2" time="0.001"/>
  <testcase classname="com.rohini.automation.DemoGroups" name="testCase_3" time="0.001"/>
  <testcase classname="com.rohini.automation.DemoGroups" name="testCase_4" time="0.003">
    <failure type="java.lang.AssertionError" message="expected [blk] but found [rk]">
      <![CDATA[java.lang.AssertionError: expected [blk] but found [rk]
	at com.rohini.automation.DemoGroups.testCase_4(DemoGroups.java:67)
... Removed 30 stack frames]]>
    </failure>
  </testcase> <!-- testCase_4 -->
</testsuite> <!-- SHealth_Sanity_Must -->
